d:\proiecte\c++\laboratoare_sda\lab_1\debug\vc142.pdb
d:\proiecte\c++\laboratoare_sda\lab_1\debug\vc142.idb
d:\proiecte\c++\laboratoare_sda\lab_1\debug\testscurt.nativecodeanalysis.sarif
d:\proiecte\c++\laboratoare_sda\lab_1\debug\testscurt.nativecodeanalysis.xml
d:\proiecte\c++\laboratoare_sda\lab_1\debug\testextins.nativecodeanalysis.sarif
d:\proiecte\c++\laboratoare_sda\lab_1\debug\testextins.nativecodeanalysis.xml
d:\proiecte\c++\laboratoare_sda\lab_1\debug\iteratorcolectie.nativecodeanalysis.sarif
d:\proiecte\c++\laboratoare_sda\lab_1\debug\iteratorcolectie.nativecodeanalysis.xml
d:\proiecte\c++\laboratoare_sda\lab_1\debug\colectie.nativecodeanalysis.sarif
d:\proiecte\c++\laboratoare_sda\lab_1\debug\colectie.nativecodeanalysis.xml
d:\proiecte\c++\laboratoare_sda\lab_1\debug\app.nativecodeanalysis.sarif
d:\proiecte\c++\laboratoare_sda\lab_1\debug\app.nativecodeanalysis.xml
d:\proiecte\c++\laboratoare_sda\lab_1\debug\app.obj
d:\proiecte\c++\laboratoare_sda\lab_1\debug\colectie.obj
d:\proiecte\c++\laboratoare_sda\lab_1\debug\iteratorcolectie.obj
d:\proiecte\c++\laboratoare_sda\lab_1\debug\testextins.obj
d:\proiecte\c++\laboratoare_sda\lab_1\debug\testscurt.obj
d:\proiecte\c++\laboratoare_sda\lab_1\debug\lab_1.ilk
d:\proiecte\c++\laboratoare_sda\lab_1\debug\lab_1.exe
d:\proiecte\c++\laboratoare_sda\lab_1\debug\lab_1.pdb
d:\proiecte\c++\laboratoare_sda\lab_1\debug\vc.nativecodeanalysis.all.xml
d:\proiecte\c++\laboratoare_sda\lab_1\debug\lab_1.tlog\cl.command.1.tlog
d:\proiecte\c++\laboratoare_sda\lab_1\debug\lab_1.tlog\cl.read.1.tlog
d:\proiecte\c++\laboratoare_sda\lab_1\debug\lab_1.tlog\cl.write.1.tlog
d:\proiecte\c++\laboratoare_sda\lab_1\debug\lab_1.tlog\link.command.1.tlog
d:\proiecte\c++\laboratoare_sda\lab_1\debug\lab_1.tlog\link.read.1.tlog
d:\proiecte\c++\laboratoare_sda\lab_1\debug\lab_1.tlog\link.write.1.tlog
